<?xml version="1.0" encoding="UTF-8"?>
<!-- Generated by org.testng.reporters.JUnitXMLReporter -->
<testsuite ignored="0" hostname="htsr-spare-7480-WVF2" failures="0" tests="10" name="Surefire test" time="10.998" errors="0" timestamp="2024-06-04T16:37:02 MST">
  <testcase classname="api.test.DDTests" name="testPostUser" time="2.523"/>
  <testcase classname="api.test.DDTests" name="testPostUser" time="0.408"/>
  <testcase classname="api.test.DDTests" name="testPostUser" time="0.423"/>
  <testcase classname="api.test.DDTests" name="testDeleteUser" time="0.778"/>
  <testcase classname="api.test.DDTests" name="testDeleteUser" time="0.815"/>
  <testcase classname="api.test.DDTests" name="testDeleteUser" time="0.615"/>
  <testcase classname="api.test.UserTests" name="testPostUser" time="0.817"/>
  <testcase classname="api.test.UserTests" name="testGetUserByName" time="0.61"/>
  <testcase classname="api.test.UserTests" name="testUpdateUserByName" time="0.85"/>
  <testcase classname="api.test.UserTests" name="testDeleteUserByName" time="0.446"/>
</testsuite> <!-- Surefire test -->
