<?xml version="1.0" encoding="UTF-8"?>
<!-- Generated by org.testng.reporters.JUnitXMLReporter -->
<testsuite ignored="0" hostname="htsr-spare-7480-WVF2" failures="0" tests="6" name="Default test" time="8.713" errors="0" timestamp="2024-05-31T17:13:43 MST">
  <testcase classname="api.test.DDTests" name="testPostUser" time="3.714"/>
  <testcase classname="api.test.DDTests" name="testPostUser" time="0.474"/>
  <testcase classname="api.test.DDTests" name="testPostUser" time="0.416"/>
  <testcase classname="api.test.DDTests" name="testDeleteUser" time="0.434"/>
  <testcase classname="api.test.DDTests" name="testDeleteUser" time="0.385"/>
  <testcase classname="api.test.DDTests" name="testDeleteUser" time="0.401"/>
</testsuite> <!-- Default test -->
