<?xml version="1.0" encoding="UTF-8"?>
<testsuite xmlns:xsi="http://www.w3.org/2001/XMLSchema-instance" xsi:noNamespaceSchemaLocation="https://maven.apache.org/surefire/maven-surefire-plugin/xsd/surefire-test-report-3.0.xsd" version="3.0" name="TestSuite" time="11.67" tests="10" errors="0" skipped="0" failures="0">
  <properties>
[...]
</properties>
  <testcase name="testPostUser[1010, testuser1, john, Canedy, a@gmail.com, test@1, 1234567895](1)" classname="api.test.DDTests" time="2.522">
    <system-err><![CDATA[SLF4J: Failed to load class "org.slf4j.impl.StaticLoggerBinder".
SLF4J: Defaulting to no-operation (NOP) logger implementation
SLF4J: See http://www.slf4j.org/codes.html#StaticLoggerBinder for further details.
]]></system-err>
  </testcase>
  <testcase name="testPostUser[1020, testuser2, Kim, Kom, b@gmail.com, test@2, 1234567896](2)" classname="api.test.DDTests" time="0.403"/>
  <testcase name="testPostUser[1030, testuser3, Smith, Steve, c@gmail.com, test@3, 1234567897](3)" classname="api.test.DDTests" time="0.424"/>
  <testcase name="testDeleteUser[testuser1](1)" classname="api.test.DDTests" time="0.778"/>
  <testcase name="testDeleteUser[testuser2](2)" classname="api.test.DDTests" time="0.817"/>
  <testcase name="testDeleteUser[testuser3](3)" classname="api.test.DDTests" time="0.615"/>
  <testcase name="testPostUser" classname="api.test.UserTests" time="0.826">
    <system-out><![CDATA[HTTP/1.1 200 OK
Date: Tue, 04 Jun 2024 23:36:59 GMT
Content-Type: application/json
Transfer-Encoding: chunked
Connection: keep-alive
Access-Control-Allow-Origin: *
Access-Control-Allow-Methods: GET, POST, DELETE, PUT
Access-Control-Allow-Headers: Content-Type, api_key, Authorization
Server: Jetty(9.2.9.v20150224)

{
    "code": 200,
    "type": "unknown",
    "message": "34940856"
}
]]></system-out>
  </testcase>
  <testcase name="testGetUserByName" classname="api.test.UserTests" time="0.638">
    <system-out><![CDATA[HTTP/1.1 200 OK
Date: Tue, 04 Jun 2024 23:37:00 GMT
Content-Type: application/json
Transfer-Encoding: chunked
Connection: keep-alive
Access-Control-Allow-Origin: *
Access-Control-Allow-Methods: GET, POST, DELETE, PUT
Access-Control-Allow-Headers: Content-Type, api_key, Authorization
Server: Jetty(9.2.9.v20150224)

{
    "id": 34940856,
    "username": "lance.runolfsson",
    "firstName": "Isiah",
    "lastName": "Wilkinson",
    "email": "jamey.nader@example.com",
    "password": "an4un",
    "phone": "1-725-618-8063",
    "userStatus": 0
}
]]></system-out>
  </testcase>
  <testcase name="testUpdateUserByName" classname="api.test.UserTests" time="0.833">
    <system-out><![CDATA[HTTP/1.1 200 OK
Date: Tue, 04 Jun 2024 23:37:01 GMT
Content-Type: application/json
Transfer-Encoding: chunked
Connection: keep-alive
Access-Control-Allow-Origin: *
Access-Control-Allow-Methods: GET, POST, DELETE, PUT
Access-Control-Allow-Headers: Content-Type, api_key, Authorization
Server: Jetty(9.2.9.v20150224)

{
    "code": 200,
    "type": "unknown",
    "message": "34940856"
}
HTTP/1.1 200 OK
Date: Tue, 04 Jun 2024 23:37:01 GMT
Content-Type: application/json
Transfer-Encoding: chunked
Connection: keep-alive
Access-Control-Allow-Origin: *
Access-Control-Allow-Methods: GET, POST, DELETE, PUT
Access-Control-Allow-Headers: Content-Type, api_key, Authorization
Server: Jetty(9.2.9.v20150224)

{
    "id": 34940856,
    "username": "lance.runolfsson",
    "firstName": "Ladonna",
    "lastName": "Christiansen",
    "email": "deon.price@example.com",
    "password": "an4un",
    "phone": "1-725-618-8063",
    "userStatus": 0
}
]]></system-out>
  </testcase>
  <testcase name="testDeleteUserByName" classname="api.test.UserTests" time="0.432"/>
</testsuite>