<?xml version="1.0" encoding="UTF-8"?>
<testng-results ignored="0" total="4" passed="4" failed="0" skipped="0">
  <reporter-output>
  </reporter-output>
  <suite started-at="2024-06-04T12:15:52 MST" name="PetSuite" finished-at="2024-06-04T12:16:02 MST" duration-ms="10235">
    <groups>
    </groups>
    <test started-at="2024-06-04T12:15:52 MST" name="PetTest" finished-at="2024-06-04T12:16:02 MST" duration-ms="10235">
      <class name="api.test.UserTests2">
        <test-method is-config="true" signature="setupData()[pri:0, instance:api.test.UserTests2@79e4c792]" started-at="2024-06-04T12:15:53 MST" name="setupData" finished-at="2024-06-04T12:15:56 MST" duration-ms="2825" status="PASS">
          <reporter-output>
          </reporter-output>
        </test-method> <!-- setupData -->
        <test-method signature="testPostUser()[pri:1, instance:api.test.UserTests2@79e4c792]" started-at="2024-06-04T12:15:56 MST" name="testPostUser" finished-at="2024-06-04T12:16:01 MST" duration-ms="4979" status="PASS">
          <reporter-output>
          </reporter-output>
        </test-method> <!-- testPostUser -->
        <test-method signature="testGetUserByName()[pri:2, instance:api.test.UserTests2@79e4c792]" started-at="2024-06-04T12:16:01 MST" name="testGetUserByName" finished-at="2024-06-04T12:16:01 MST" duration-ms="507" status="PASS">
          <reporter-output>
          </reporter-output>
        </test-method> <!-- testGetUserByName -->
        <test-method signature="testUpdateUserByName()[pri:3, instance:api.test.UserTests2@79e4c792]" started-at="2024-06-04T12:16:01 MST" name="testUpdateUserByName" finished-at="2024-06-04T12:16:02 MST" duration-ms="827" status="PASS">
          <reporter-output>
          </reporter-output>
        </test-method> <!-- testUpdateUserByName -->
        <test-method signature="testDeleteUserByName()[pri:4, instance:api.test.UserTests2@79e4c792]" started-at="2024-06-04T12:16:02 MST" name="testDeleteUserByName" finished-at="2024-06-04T12:16:02 MST" duration-ms="512" status="PASS">
          <reporter-output>
          </reporter-output>
        </test-method> <!-- testDeleteUserByName -->
      </class> <!-- api.test.UserTests2 -->
    </test> <!-- PetTest -->
  </suite> <!-- PetSuite -->
</testng-results>
