<?xml version="1.0" encoding="UTF-8"?>
<!-- Generated by org.testng.reporters.JUnitXMLReporter -->
<testsuite ignored="0" hostname="htsr-spare-7480-WVF2" failures="0" tests="4" name="PetTest" time="10.235" errors="0" timestamp="2024-06-04T12:16:03 MST">
  <testcase classname="api.test.UserTests2" name="testPostUser" time="4.979"/>
  <testcase classname="api.test.UserTests2" name="testGetUserByName" time="0.507"/>
  <testcase classname="api.test.UserTests2" name="testUpdateUserByName" time="0.827"/>
  <testcase classname="api.test.UserTests2" name="testDeleteUserByName" time="0.512"/>
</testsuite> <!-- PetTest -->
